<?xml version="1.0" encoding="UTF-8"?>
<!-- Generated by org.testng.reporters.JUnitXMLReporter -->
<testsuite ignored="0" hostname="Sid" failures="0" tests="10" name="Test" time="305.954" errors="0" timestamp="2024-01-29T00:42:09 IST">
  <testcase classname="script.login.IncorrectEmailLogin" name="incorrectEmailLogin" time="6.109"/>
  <testcase classname="script.search.Search" name="testSearchProduct" time="44.679"/>
  <testcase classname="script.search.Search" name="testSearchProduct" time="44.822"/>
  <testcase classname="script.search.Search" name="testSearchProduct" time="44.992"/>
  <testcase classname="script.search.Search" name="testSearchProduct" time="45.933"/>
  <testcase classname="script.search.Search" name="testSearchProduct" time="42.824"/>
  <testcase classname="script.login.IncorrectPhoneLogin" name="testIncorrectPhoneLogin" time="5.4"/>
  <testcase classname="script.login.MissingEmailLogin" name="testMissingEmaildLogin" time="4.139"/>
  <testcase classname="script.login.MissingPasswordLogin" name="testMissingPasswordLogin" time="5.822"/>
  <testcase classname="script.login.ValidPhoneNumberLogin" name="testValidLogin" time="5.733"/>
</testsuite> <!-- Test -->
